# JRE version: Java(TM) SE Runtime Environment (8.0_91-b15) (build 1.8.0_91-b15)
# Java VM: Java HotSpot(TM) 64-Bit Server VM (25.91-b15 mixed mode windows-amd64 compressed oops)
Heap:
 PSYoungGen      total 147456K, used 23302K [0x00000000eab00000, 0x00000000f4980000, 0x0000000100000000)
  eden space 133632K, 17% used [0x00000000eab00000,0x00000000ec1c1be8,0x00000000f2d80000)
  from space 13824K, 0% used [0x00000000f2d80000,0x00000000f2d80000,0x00000000f3b00000)
  to   space 14336K, 0% used [0x00000000f3b80000,0x00000000f3b80000,0x00000000f4980000)
 ParOldGen       total 54272K, used 39150K [0x00000000c0000000, 0x00000000c3500000, 0x00000000eab00000)
  object space 54272K, 72% used [0x00000000c0000000,0x00000000c263b878,0x00000000c3500000)
 Metaspace       used 59296K, capacity 60634K, committed 60968K, reserved 1101824K
  class space    used 7800K, capacity 8148K, committed 8232K, reserved 1048576K
GC Heap History (10 events):
Event: 89.291 GC heap before
{Heap before GC invocations=23 (full 3):
 PSYoungGen      total 112128K, used 111975K [0x00000000eab00000, 0x00000000f3600000, 0x0000000100000000)
  eden space 102400K, 99% used [0x00000000eab00000,0x00000000f0ee0b48,0x00000000f0f00000)
  from space 9728K, 99% used [0x00000000f0f00000,0x00000000f1879298,0x00000000f1880000)
  to   space 11264K, 0% used [0x00000000f2b00000,0x00000000f2b00000,0x00000000f3600000)
 ParOldGen       total 54272K, used 34652K [0x00000000c0000000, 0x00000000c3500000, 0x00000000eab00000)
  object space 54272K, 63% used [0x00000000c0000000,0x00000000c21d7148,0x00000000c3500000)
 Metaspace       used 50085K, capacity 51132K, committed 51368K, reserved 1093632K
  class space    used 6728K, capacity 7053K, committed 7080K, reserved 1048576K
Event: 89.333 GC heap after
Heap after GC invocations=23 (full 3):
 PSYoungGen      total 129024K, used 3488K [0x00000000eab00000, 0x00000000f3500000, 0x0000000100000000)
  eden space 118784K, 0% used [0x00000000eab00000,0x00000000eab00000,0x00000000f1f00000)
  from space 10240K, 34% used [0x00000000f2b00000,0x00000000f2e68180,0x00000000f3500000)
  to   space 11264K, 0% used [0x00000000f1f00000,0x00000000f1f00000,0x00000000f2a00000)
 ParOldGen       total 54272K, used 43023K [0x00000000c0000000, 0x00000000c3500000, 0x00000000eab00000)
  object space 54272K, 79% used [0x00000000c0000000,0x00000000c2a03f90,0x00000000c3500000)
 Metaspace       used 50085K, capacity 51132K, committed 51368K, reserved 1093632K
  class space    used 6728K, capacity 7053K, committed 7080K, reserved 1048576K
}
Event: 106.162 GC heap before
{Heap before GC invocations=24 (full 3):
 PSYoungGen      total 129024K, used 121466K [0x00000000eab00000, 0x00000000f3500000, 0x0000000100000000)
  eden space 118784K, 99% used [0x00000000eab00000,0x00000000f1e36a28,0x00000000f1f00000)
  from space 10240K, 34% used [0x00000000f2b00000,0x00000000f2e68180,0x00000000f3500000)
  to   space 11264K, 0% used [0x00000000f1f00000,0x00000000f1f00000,0x00000000f2a00000)
 ParOldGen       total 54272K, used 43023K [0x00000000c0000000, 0x00000000c3500000, 0x00000000eab00000)
  object space 54272K, 79% used [0x00000000c0000000,0x00000000c2a03f90,0x00000000c3500000)
 Metaspace       used 55171K, capacity 56342K, committed 56488K, reserved 1097728K
  class space    used 7402K, capacity 7750K, committed 7848K, reserved 1048576K
Event: 106.202 GC heap after
Heap after GC invocations=24 (full 3):
 PSYoungGen      total 130048K, used 10999K [0x00000000eab00000, 0x00000000f4880000, 0x0000000100000000)
  eden space 118784K, 0% used [0x00000000eab00000,0x00000000eab00000,0x00000000f1f00000)
  from space 11264K, 97% used [0x00000000f1f00000,0x00000000f29bde68,0x00000000f2a00000)
  to   space 12800K, 0% used [0x00000000f3c00000,0x00000000f3c00000,0x00000000f4880000)
 ParOldGen       total 54272K, used 43031K [0x00000000c0000000, 0x00000000c3500000, 0x00000000eab00000)
  object space 54272K, 79% used [0x00000000c0000000,0x00000000c2a05f90,0x00000000c3500000)
 Metaspace       used 55171K, capacity 56342K, committed 56488K, reserved 1097728K
  class space    used 7402K, capacity 7750K, committed 7848K, reserved 1048576K
}
Event: 125.735 GC heap before
{Heap before GC invocations=25 (full 3):
 PSYoungGen      total 130048K, used 129783K [0x00000000eab00000, 0x00000000f4880000, 0x0000000100000000)
  eden space 118784K, 100% used [0x00000000eab00000,0x00000000f1f00000,0x00000000f1f00000)
  from space 11264K, 97% used [0x00000000f1f00000,0x00000000f29bde68,0x00000000f2a00000)
  to   space 12800K, 0% used [0x00000000f3c00000,0x00000000f3c00000,0x00000000f4880000)
 ParOldGen       total 54272K, used 43031K [0x00000000c0000000, 0x00000000c3500000, 0x00000000eab00000)
  object space 54272K, 79% used [0x00000000c0000000,0x00000000c2a05f90,0x00000000c3500000)
 Metaspace       used 57882K, capacity 59052K, committed 59176K, reserved 1099776K
  class space    used 7600K, capacity 7956K, committed 7976K, reserved 1048576K
Event: 125.769 GC heap after
Heap after GC invocations=25 (full 3):
 PSYoungGen      total 146432K, used 10198K [0x00000000eab00000, 0x00000000f4880000, 0x0000000100000000)
  eden space 133632K, 0% used [0x00000000eab00000,0x00000000eab00000,0x00000000f2d80000)
  from space 12800K, 79% used [0x00000000f3c00000,0x00000000f45f5a48,0x00000000f4880000)
  to   space 13824K, 0% used [0x00000000f2d80000,0x00000000f2d80000,0x00000000f3b00000)
 ParOldGen       total 54272K, used 43047K [0x00000000c0000000, 0x00000000c3500000, 0x00000000eab00000)
  object space 54272K, 79% used [0x00000000c0000000,0x00000000c2a09f90,0x00000000c3500000)
 Metaspace       used 57882K, capacity 59052K, committed 59176K, reserved 1099776K
  class space    used 7600K, capacity 7956K, committed 7976K, reserved 1048576K
}
Event: 215.338 GC heap before
{Heap before GC invocations=26 (full 3):
 PSYoungGen      total 146432K, used 89579K [0x00000000eab00000, 0x00000000f4880000, 0x0000000100000000)
  eden space 133632K, 59% used [0x00000000eab00000,0x00000000ef885240,0x00000000f2d80000)
  from space 12800K, 79% used [0x00000000f3c00000,0x00000000f45f5a48,0x00000000f4880000)
  to   space 13824K, 0% used [0x00000000f2d80000,0x00000000f2d80000,0x00000000f3b00000)
 ParOldGen       total 54272K, used 43047K [0x00000000c0000000, 0x00000000c3500000, 0x00000000eab00000)
  object space 54272K, 79% used [0x00000000c0000000,0x00000000c2a09f90,0x00000000c3500000)
 Metaspace       used 59176K, capacity 60412K, committed 60712K, reserved 1101824K
  class space    used 7779K, capacity 8124K, committed 8232K, reserved 1048576K
Event: 215.380 GC heap after
Heap after GC invocations=26 (full 3):
 PSYoungGen      total 147456K, used 9190K [0x00000000eab00000, 0x00000000f4980000, 0x0000000100000000)
  eden space 133632K, 0% used [0x00000000eab00000,0x00000000eab00000,0x00000000f2d80000)
  from space 13824K, 66% used [0x00000000f2d80000,0x00000000f3679be8,0x00000000f3b00000)
  to   space 14336K, 0% used [0x00000000f3b80000,0x00000000f3b80000,0x00000000f4980000)
 ParOldGen       total 54272K, used 43055K [0x00000000c0000000, 0x00000000c3500000, 0x00000000eab00000)
  object space 54272K, 79% used [0x00000000c0000000,0x00000000c2a0bf90,0x00000000c3500000)
 Metaspace       used 59176K, capacity 60412K, committed 60712K, reserved 1101824K
  class space    used 7779K, capacity 8124K, committed 8232K, reserved 1048576K
}
Event: 215.380 GC heap before
{Heap before GC invocations=27 (full 4):
 PSYoungGen      total 147456K, used 9190K [0x00000000eab00000, 0x00000000f4980000, 0x0000000100000000)
  eden space 133632K, 0% used [0x00000000eab00000,0x00000000eab00000,0x00000000f2d80000)
  from space 13824K, 66% used [0x00000000f2d80000,0x00000000f3679be8,0x00000000f3b00000)
  to   space 14336K, 0% used [0x00000000f3b80000,0x00000000f3b80000,0x00000000f4980000)
 ParOldGen       total 54272K, used 43055K [0x00000000c0000000, 0x00000000c3500000, 0x00000000eab00000)
  object space 54272K, 79% used [0x00000000c0000000,0x00000000c2a0bf90,0x00000000c3500000)
 Metaspace       used 59176K, capacity 60412K, committed 60712K, reserved 1101824K
  class space    used 7779K, capacity 8124K, committed 8232K, reserved 1048576K
Event: 216.187 GC heap after
Heap after GC invocations=27 (full 4):
 PSYoungGen      total 147456K, used 0K [0x00000000eab00000, 0x00000000f4980000, 0x0000000100000000)
  eden space 133632K, 0% used [0x00000000eab00000,0x00000000eab00000,0x00000000f2d80000)
  from space 13824K, 0% used [0x00000000f2d80000,0x00000000f2d80000,0x00000000f3b00000)
  to   space 14336K, 0% used [0x00000000f3b80000,0x00000000f3b80000,0x00000000f4980000)
 ParOldGen       total 54272K, used 39150K [0x00000000c0000000, 0x00000000c3500000, 0x00000000eab00000)
  object space 54272K, 72% used [0x00000000c0000000,0x00000000c263b878,0x00000000c3500000)
 Metaspace       used 59165K, capacity 60398K, committed 60712K, reserved 1101824K
  class space    used 7777K, capacity 8122K, committed 8232K, reserved 1048576K
}

